# JRE version: OpenJDK Runtime Environment (8.0_152-b02) (build 1.8.0_152-release-1024-b02)
# Java VM: OpenJDK 64-Bit Server VM (25.152-b02 mixed mode windows-amd64 compressed oops)
Heap:
 PSYoungGen      total 467968K, used 47350K [0x00000000e0000000, 0x0000000100000000, 0x0000000100000000)
  eden space 443904K, 5% used [0x00000000e0000000,0x00000000e16c1478,0x00000000fb180000)
  from space 24064K, 99% used [0x00000000fb180000,0x00000000fc8fc768,0x00000000fc900000)
  to   space 31744K, 0% used [0x00000000fe100000,0x00000000fe100000,0x0000000100000000)
 ParOldGen       total 194048K, used 64721K [0x00000000a0000000, 0x00000000abd80000, 0x00000000e0000000)
  object space 194048K, 33% used [0x00000000a0000000,0x00000000a3f34500,0x00000000abd80000)
 Metaspace       used 73597K, capacity 76350K, committed 76544K, reserved 1116160K
  class space    used 9577K, capacity 10186K, committed 10240K, reserved 1048576K
GC Heap History (10 events):
Event: 40.019 GC heap before
{Heap before GC invocations=12 (full 3):
 PSYoungGen      total 227840K, used 10126K [0x00000000e0000000, 0x00000000f5380000, 0x0000000100000000)
  eden space 204800K, 0% used [0x00000000e0000000,0x00000000e0000000,0x00000000ec800000)
  from space 23040K, 43% used [0x00000000ec800000,0x00000000ed1e3b48,0x00000000ede80000)
  to   space 22528K, 0% used [0x00000000f3d80000,0x00000000f3d80000,0x00000000f5380000)
 ParOldGen       total 165376K, used 33287K [0x00000000a0000000, 0x00000000aa180000, 0x00000000e0000000)
  object space 165376K, 20% used [0x00000000a0000000,0x00000000a2081f88,0x00000000aa180000)
 Metaspace       used 57254K, capacity 58922K, committed 59028K, reserved 1099776K
  class space    used 7725K, capacity 8120K, committed 8192K, reserved 1048576K
Event: 40.188 GC heap after
Heap after GC invocations=12 (full 3):
 PSYoungGen      total 227840K, used 0K [0x00000000e0000000, 0x00000000f5380000, 0x0000000100000000)
  eden space 204800K, 0% used [0x00000000e0000000,0x00000000e0000000,0x00000000ec800000)
  from space 23040K, 0% used [0x00000000ec800000,0x00000000ec800000,0x00000000ede80000)
  to   space 22528K, 0% used [0x00000000f3d80000,0x00000000f3d80000,0x00000000f5380000)
 ParOldGen       total 194048K, used 31636K [0x00000000a0000000, 0x00000000abd80000, 0x00000000e0000000)
  object space 194048K, 16% used [0x00000000a0000000,0x00000000a1ee5130,0x00000000abd80000)
 Metaspace       used 57254K, capacity 58922K, committed 59028K, reserved 1099776K
  class space    used 7725K, capacity 8120K, committed 8192K, reserved 1048576K
}
Event: 45.360 GC heap before
{Heap before GC invocations=13 (full 3):
 PSYoungGen      total 227840K, used 204800K [0x00000000e0000000, 0x00000000f5380000, 0x0000000100000000)
  eden space 204800K, 100% used [0x00000000e0000000,0x00000000ec800000,0x00000000ec800000)
  from space 23040K, 0% used [0x00000000ec800000,0x00000000ec800000,0x00000000ede80000)
  to   space 22528K, 0% used [0x00000000f3d80000,0x00000000f3d80000,0x00000000f5380000)
 ParOldGen       total 194048K, used 31647K [0x00000000a0000000, 0x00000000abd80000, 0x00000000e0000000)
  object space 194048K, 16% used [0x00000000a0000000,0x00000000a1ee7e80,0x00000000abd80000)
 Metaspace       used 64516K, capacity 66500K, committed 66688K, reserved 1107968K
  class space    used 8537K, capacity 9017K, committed 9088K, reserved 1048576K
Event: 45.388 GC heap after
Heap after GC invocations=13 (full 3):
 PSYoungGen      total 324608K, used 16211K [0x00000000e0000000, 0x00000000f5880000, 0x0000000100000000)
  eden space 302080K, 0% used [0x00000000e0000000,0x00000000e0000000,0x00000000f2700000)
  from space 22528K, 71% used [0x00000000f3d80000,0x00000000f4d54d58,0x00000000f5380000)
  to   space 23040K, 0% used [0x00000000f2700000,0x00000000f2700000,0x00000000f3d80000)
 ParOldGen       total 194048K, used 31663K [0x00000000a0000000, 0x00000000abd80000, 0x00000000e0000000)
  object space 194048K, 16% used [0x00000000a0000000,0x00000000a1eebe80,0x00000000abd80000)
 Metaspace       used 64516K, capacity 66500K, committed 66688K, reserved 1107968K
  class space    used 8537K, capacity 9017K, committed 9088K, reserved 1048576K
}
Event: 47.205 GC heap before
{Heap before GC invocations=14 (full 3):
 PSYoungGen      total 324608K, used 318291K [0x00000000e0000000, 0x00000000f5880000, 0x0000000100000000)
  eden space 302080K, 100% used [0x00000000e0000000,0x00000000f2700000,0x00000000f2700000)
  from space 22528K, 71% used [0x00000000f3d80000,0x00000000f4d54d58,0x00000000f5380000)
  to   space 23040K, 0% used [0x00000000f2700000,0x00000000f2700000,0x00000000f3d80000)
 ParOldGen       total 194048K, used 31665K [0x00000000a0000000, 0x00000000abd80000, 0x00000000e0000000)
  object space 194048K, 16% used [0x00000000a0000000,0x00000000a1eec730,0x00000000abd80000)
 Metaspace       used 72662K, capacity 75300K, committed 75392K, reserved 1114112K
  class space    used 9515K, capacity 10093K, committed 10112K, reserved 1048576K
Event: 47.248 GC heap after
Heap after GC invocations=14 (full 3):
 PSYoungGen      total 325120K, used 17199K [0x00000000e0000000, 0x00000000fe300000, 0x0000000100000000)
  eden space 302080K, 0% used [0x00000000e0000000,0x00000000e0000000,0x00000000f2700000)
  from space 23040K, 74% used [0x00000000f2700000,0x00000000f37cbe58,0x00000000f3d80000)
  to   space 23552K, 0% used [0x00000000fcc00000,0x00000000fcc00000,0x00000000fe300000)
 ParOldGen       total 194048K, used 45237K [0x00000000a0000000, 0x00000000abd80000, 0x00000000e0000000)
  object space 194048K, 23% used [0x00000000a0000000,0x00000000a2c2d538,0x00000000abd80000)
 Metaspace       used 72662K, capacity 75300K, committed 75392K, reserved 1114112K
  class space    used 9515K, capacity 10093K, committed 10112K, reserved 1048576K
}
Event: 48.111 GC heap before
{Heap before GC invocations=15 (full 3):
 PSYoungGen      total 325120K, used 319279K [0x00000000e0000000, 0x00000000fe300000, 0x0000000100000000)
  eden space 302080K, 100% used [0x00000000e0000000,0x00000000f2700000,0x00000000f2700000)
  from space 23040K, 74% used [0x00000000f2700000,0x00000000f37cbe58,0x00000000f3d80000)
  to   space 23552K, 0% used [0x00000000fcc00000,0x00000000fcc00000,0x00000000fe300000)
 ParOldGen       total 194048K, used 45237K [0x00000000a0000000, 0x00000000abd80000, 0x00000000e0000000)
  object space 194048K, 23% used [0x00000000a0000000,0x00000000a2c2d538,0x00000000abd80000)
 Metaspace       used 72825K, capacity 75488K, committed 75776K, reserved 1114112K
  class space    used 9519K, capacity 10125K, committed 10240K, reserved 1048576K
Event: 48.136 GC heap after
Heap after GC invocations=15 (full 3):
 PSYoungGen      total 464896K, used 3908K [0x00000000e0000000, 0x00000000fe080000, 0x0000000100000000)
  eden space 443904K, 0% used [0x00000000e0000000,0x00000000e0000000,0x00000000fb180000)
  from space 20992K, 18% used [0x00000000fcc00000,0x00000000fcfd1180,0x00000000fe080000)
  to   space 24064K, 0% used [0x00000000fb180000,0x00000000fb180000,0x00000000fc900000)
 ParOldGen       total 194048K, used 53481K [0x00000000a0000000, 0x00000000abd80000, 0x00000000e0000000)
  object space 194048K, 27% used [0x00000000a0000000,0x00000000a343a570,0x00000000abd80000)
 Metaspace       used 72825K, capacity 75488K, committed 75776K, reserved 1114112K
  class space    used 9519K, capacity 10125K, committed 10240K, reserved 1048576K
}
Event: 50.441 GC heap before
{Heap before GC invocations=16 (full 3):
 PSYoungGen      total 464896K, used 447812K [0x00000000e0000000, 0x00000000fe080000, 0x0000000100000000)
  eden space 443904K, 100% used [0x00000000e0000000,0x00000000fb180000,0x00000000fb180000)
  from space 20992K, 18% used [0x00000000fcc00000,0x00000000fcfd1180,0x00000000fe080000)
  to   space 24064K, 0% used [0x00000000fb180000,0x00000000fb180000,0x00000000fc900000)
 ParOldGen       total 194048K, used 53481K [0x00000000a0000000, 0x00000000abd80000, 0x00000000e0000000)
  object space 194048K, 27% used [0x00000000a0000000,0x00000000a343a570,0x00000000abd80000)
 Metaspace       used 73573K, capacity 76350K, committed 76544K, reserved 1116160K
  class space    used 9577K, capacity 10186K, committed 10240K, reserved 1048576K
Event: 50.526 GC heap after
Heap after GC invocations=16 (full 3):
 PSYoungGen      total 467968K, used 24049K [0x00000000e0000000, 0x0000000100000000, 0x0000000100000000)
  eden space 443904K, 0% used [0x00000000e0000000,0x00000000e0000000,0x00000000fb180000)
  from space 24064K, 99% used [0x00000000fb180000,0x00000000fc8fc768,0x00000000fc900000)
  to   space 31744K, 0% used [0x00000000fe100000,0x00000000fe100000,0x0000000100000000)
 ParOldGen       total 194048K, used 64721K [0x00000000a0000000, 0x00000000abd80000, 0x00000000e0000000)
  object space 194048K, 33% used [0x00000000a0000000,0x00000000a3f34500,0x00000000abd80000)
 Metaspace       used 73573K, capacity 76350K, committed 76544K, reserved 1116160K
  class space    used 9577K, capacity 10186K, committed 10240K, reserved 1048576K
}

